<?xml version="1.0" encoding="UTF-8"?>
<!-- Generated by org.testng.reporters.JUnitReportReporter -->
<testsuite hostname="DESKTOP-RKDRI8S" failures="0" tests="1" name="qaclickacademy.Mavenjava.ExtentReportTest" time="15.782" errors="0" timestamp="2020-09-18T06:54:02 IST" skipped="0">
  <testcase classname="qaclickacademy.Mavenjava.ExtentReportTest" name="initialization" time="15.782"/>
  <system-out/>
</testsuite> <!-- qaclickacademy.Mavenjava.ExtentReportTest -->
