<?xml version="1.0" encoding="UTF-8"?>
<!-- Generated by org.testng.reporters.JUnitReportReporter -->
<testsuite name="qaclickacademy.Mavenjava.RestAPITest" tests="2" time="0.009" ignored="0" failures="0" timestamp="18 Sep 2020 00:23:37 GMT" skipped="0" hostname="DESKTOP-RKDRI8S" errors="0">
  <testcase name="postJira" time="0.000" classname="qaclickacademy.Mavenjava.RestAPITest"/>
  <testcase name="deleteTwitter" time="0.009" classname="qaclickacademy.Mavenjava.RestAPITest"/>
</testsuite> <!-- qaclickacademy.Mavenjava.RestAPITest -->
