<?xml version="1.0" encoding="UTF-8"?>
<!-- Generated by org.testng.reporters.JUnitReportReporter -->
<testsuite name="qaclickacademy.Mavenjava.SeleniumTest" tests="2" time="0.000" ignored="0" failures="0" timestamp="18 Sep 2020 00:23:37 GMT" skipped="0" hostname="DESKTOP-RKDRI8S" errors="0">
  <testcase name="browserAutomation" time="0.000" classname="qaclickacademy.Mavenjava.SeleniumTest"/>
  <testcase name="elementsUI" time="0.000" classname="qaclickacademy.Mavenjava.SeleniumTest"/>
</testsuite> <!-- qaclickacademy.Mavenjava.SeleniumTest -->
